app/build/outputs/mapping/release/seeds.txt
com.example.wifidirectwalkietalkie.WalkieTalkieService
com.example.wifidirectwalkietalkie.MainActivity
com.example.wifidirectwalkietalkie.MainActivity: MainActivity()
com.example.wifidirectwalkietalkie.WalkieTalkieService: WalkieTalkieService()
...
androidx.compose.ui.platform.AndroidComposeView: void setShowLayoutBounds(boolean)
kotlinx.coroutines.flow.SharingCommand: kotlinx.coroutines.flow.SharingCommand valueOf(java.lang.String)
androidx.lifecycle.ReportFragment$LifecycleCallbacks: void onActivityPostStarted(android.app.Activity)
androidx.compose.ui.platform.AndroidComposeView: androidx.compose.ui.platform.ViewConfiguration getViewConfiguration()
androidx.core.app.NotificationManagerCompat$Api24Impl: int getImportance(android.app.NotificationManager)
androidx.compose.ui.text.android.BoringLayoutFactoryDefault: android.text.BoringLayout create(java.lang.CharSequence,android.text.TextPaint,int,android.text.Layout$Alignment,float,float,android.text.BoringLayout$Metrics,boolean,android.text.TextUtils$TruncateAt,int)
androidx.compose.animation.core.MutatePriority: androidx.compose.animation.core.MutatePriority[] values()
androidx.compose.ui.platform.AndroidComposeView: androidx.compose.ui.node.LayoutNodeDrawScope getSharedDrawScope()
androidx.core.view.accessibility.AccessibilityNodeInfoCompat$Api30Impl: java.lang.CharSequence getStateDescription(android.view.accessibility.AccessibilityNodeInfo)
androidx.core.app.ActivityCompat$Api23Impl: boolean shouldShowRequestPermissionRationale(android.app.Activity,java.lang.String)
androidx.compose.ui.platform.coreshims.ContentCaptureSessionCompat$Api29Impl: android.view.ViewStructure newVirtualViewStructure(android.view.contentcapture.ContentCaptureSession,android.view.autofill.AutofillId,long)
androidx.compose.ui.platform.AndroidComposeView: void getFontLoader$annotations()
androidx.core.app.ActivityCompat$Api23Impl: void onSharedElementsReady(java.lang.Object)
androidx.core.view.accessibility.AccessibilityNodeInfoCompat$Api33Impl: androidx.core.view.accessibility.AccessibilityNodeInfoCompat getParent(android.view.accessibility.AccessibilityNodeInfo,int)
androidx.core.graphics.drawable.IconCompat$Api23Impl: android.graphics.drawable.Drawable loadDrawable(android.graphics.drawable.Icon,android.content.Context)
androidx.compose.ui.platform.AndroidComposeView: androidx.compose.ui.semantics.SemanticsOwner getSemanticsOwner()
androidx.core.view.ViewCompat$Api29Impl: void saveAttributeDataForStyleable(android.view.View,android.content.Context,int[],android.util.AttributeSet,android.content.res.TypedArray,int,int)
androidx.compose.ui.text.android.StaticLayoutFactoryDefault: android.text.StaticLayout create(androidx.compose.ui.text.android.StaticLayoutParams)
androidx.activity.Api34Impl: float progress(android.window.BackEvent)
androidx.core.app.NotificationCompatBuilder$Api26Impl: android.app.Notification$Builder setColorized(android.app.Notification$Builder,boolean)
androidx.compose.ui.platform.AndroidComposeView: androidx.compose.ui.text.input.PlatformTextInputPluginRegistry getPlatformTextInputPluginRegistry()
androidx.lifecycle.ProcessLifecycleOwner$attach$1$onActivityPreCreated$1: void onActivityPostResumed(android.app.Activity)
androidx.compose.material3.tokens.ShapeKeyTokens: androidx.compose.material3.tokens.ShapeKeyTokens[] values()
kotlinx.coroutines.android.AndroidDispatcherFactory: AndroidDispatcherFactory()
kotlinx.coroutines.android.AndroidExceptionPreHandler: void handleException(kotlin.coroutines.CoroutineContext,java.lang.Throwable)
androidx.compose.ui.platform.AndroidComposeView: androidx.compose.ui.autofill.Autofill getAutofill()
androidx.core.app.NotificationCompat$BubbleMetadata$Api30Impl: android.app.Notification$BubbleMetadata toPlatform(androidx.core.app.NotificationCompat$BubbleMetadata)
androidx.compose.ui.platform.RenderNodeVerificationHelper28: void setAmbientShadowColor(android.view.RenderNode,int)
androidx.core.view.ViewCompat$Api16Impl: void setHasTransientState(android.view.View,boolean)
androidx.compose.ui.semantics.EmptySemanticsElement: EmptySemanticsElement()
androidx.lifecycle.EmptyActivityLifecycleCallbacks: void onActivityResumed(android.app.Activity)