app/build/outputs/mapping/release/mapping.txt
# compiler: R8
# compiler_version: 8.2.33
# min_api: 33
# common_typos_disable
# {"id":"com.android.tools.r8.mapping","version":"2.2"}
# pg_map_id: 8d10e7d
# pg_map_hash: SHA-256 8d10e7d501df0ae914f4f3c6bc30d5b675839a487023eb8a8d3f5db1e8fe7dd0
com.example.wifidirectwalkietalkie.AudioStreamer -> o2.h:
# {"id":"sourceFile","fileName":"AudioStreamer.kt"}
    android.content.Context context -> a
    kotlinx.coroutines.CoroutineScope coroutineScope -> b
      # {"id":"com.android.tools.r8.residualsignature","signature":"Lj3/x;"}
    int sampleRate -> c
    int channelConfigRecord -> d
    int channelConfigPlay -> e
    int audioFormat -> f
    int bufferSize -> g
    java.net.ServerSocket serverSocket -> h
    java.net.Socket socket -> i
    java.io.InputStream inputStream -> j
    java.io.OutputStream outputStream -> k
    kotlinx.coroutines.Job receiveJob -> l
      # {"id":"com.android.tools.r8.residualsignature","signature":"Lj3/j1;"}
    kotlinx.coroutines.Job sendJob -> m
      # {"id":"com.android.tools.r8.residualsignature","signature":"Lj3/j1;"}
    boolean isRecording -> n
    android.media.AudioTrack audioTrack -> o
    android.media.AudioRecord audioRecord -> p
    kotlinx.coroutines.flow.MutableStateFlow _isReceiving -> q
      # {"id":"com.android.tools.r8.residualsignature","signature":"Lm3/n0;"}
    kotlinx.coroutines.flow.StateFlow isReceiving -> r
      # {"id":"com.android.tools.r8.residualsignature","signature":"Lm3/w;"}
    10:30:void <init>(android.content.Context,kotlinx.coroutines.CoroutineScope):26:26 -> <init>
      # {"id":"com.android.tools.r8.residualsignature","signature":"(Landroid/content/Context;Lo3/d;)V"}
com.example.wifidirectwalkietalkie.AudioStreamer$startClient$1 -> o2.a:
# {"id":"sourceFile","fileName":"AudioStreamer.kt"}
    com.example.wifidirectwalkietalkie.AudioStreamer this$0 -> k
      # {"id":"com.android.tools.r8.residualsignature","signature":"Lo2/h;"}
    java.net.InetAddress $hostAddress -> l
    0:8:void <init>(com.example.wifidirectwalkietalkie.AudioStreamer,java.net.InetAddress,kotlin.coroutines.Continuation):0:0 -> <init>
      # {"id":"com.android.tools.r8.residualsignature","signature":"(Lo2/h;Ljava/net/InetAddress;Lt2/e;)V"}
    4:15:java.lang.Object com.example.wifidirectwalkietalkie.AudioStreamer$startClient$1.invoke(kotlinx.coroutines.CoroutineScope,kotlin.coroutines.Continuation):0:0 -> I
    4:15:java.lang.Object invoke(java.lang.Object,java.lang.Object):0 -> I
    0:9:kotlin.coroutines.Continuation create(java.lang.Object,kotlin.coroutines.Continuation):0:0 -> a
      # {"id":"com.android.tools.r8.residualsignature","signature":"(Ljava/lang/Object;Lt2/e;)Lt2/e;"}
    2:4:java.lang.Object invokeSuspend(java.lang.Object):61:61 -> h
    5:13:java.lang.Object invokeSuspend(java.lang.Object):63:63 -> h
    14:15:void com.example.wifidirectwalkietalkie.AudioStreamer.access$setSocket$p(com.example.wifidirectwalkietalkie.AudioStreamer,java.net.Socket):26:26 -> h
    14:15:java.lang.Object invokeSuspend(java.lang.Object):63 -> h
...
androidx.compose.ui.layout.RootMeasurePolicy -> z0.m0:
# {"id":"sourceFile","fileName":"RootMeasurePolicy.kt"}
    androidx.compose.ui.layout.RootMeasurePolicy INSTANCE -> a
      # {"id":"com.android.tools.r8.residualsignature","signature":"Lz0/m0;"}
    2:7:void androidx.compose.ui.node.LayoutNode$NoIntrinsicsMeasurePolicy.<init>(java.lang.String):606:606 -> <clinit>
    2:7:void androidx.compose.ui.layout.RootMeasurePolicy.<init>():26 -> <clinit>
    2:7:void <clinit>():0 -> <clinit>
    5:12:androidx.compose.ui.layout.MeasureResult measure-3p2s80s(androidx.compose.ui.layout.MeasureScope,java.util.List,long):34:34 -> a
      # {"id":"com.android.tools.r8.residualsignature","signature":"(Lz0/a0;Ljava/util/List;J)Lz0/y;"}
    13:22:androidx.compose.ui.layout.MeasureResult measure-3p2s80s(androidx.compose.ui.layout.MeasureScope,java.util.List,long):35:35 -> a
    23:28:androidx.compose.ui.layout.MeasureResult androidx.compose.ui.layout.MeasureScope.layout$default(androidx.compose.ui.layout.MeasureScope,int,int,java.util.Map,kotlin.jvm.functions.Function1,int,java.lang.Object):42:42 -> a
    23:28:androidx.compose.ui.layout.MeasureResult measure-3p2s80s(androidx.compose.ui.layout.MeasureScope,java.util.List,long):35 -> a
    29:36:androidx.compose.ui.layout.MeasureResult measure-3p2s80s(androidx.compose.ui.layout.MeasureScope,java.util.List,long):37:37 -> a
androidx.compose.ui.layout.RootMeasurePolicy$measure$1 -> R8$$REMOVED$$CLASS$$428:
# {"id":"sourceFile","fileName":"RootMeasurePolicy.kt"}
androidx.compose.ui.layout.RootMeasurePolicy$measure$2 -> R8$$REMOVED$$CLASS$$429:
# {"id":"sourceFile","fileName":"RootMeasurePolicy.kt"}
androidx.compose.ui.layout.RootMeasurePolicy$measure$4 -> R8$$REMOVED$$CLASS$$430:
# {"id":"sourceFile","fileName":"RootMeasurePolicy.kt"}
androidx.compose.ui.layout.SubcomposeIntermediateMeasureScope -> R8$$REMOVED$$CLASS$$431:
# {"id":"sourceFile","fileName":"SubcomposeLayout.kt"}
androidx.compose.ui.layout.SubcomposeLayoutKt -> R8$$REMOVED$$CLASS$$439:
# {"id":"sourceFile","fileName":"SubcomposeLayout.kt"}
androidx.compose.ui.layout.SubcomposeLayoutKt$SubcomposeLayout$$inlined$ComposeNode$1 -> R8$$REMOVED$$CLASS$$432:
# {"id":"sourceFile","fileName":"Composables.kt"}
androidx.compose.ui.layout.SubcomposeLayoutKt$SubcomposeLayout$10 -> R8$$REMOVED$$CLASS$$433:
# {"id":"sourceFile","fileName":"SubcomposeLayout.kt"}
androidx.compose.ui.layout.SubcomposeLayoutKt$SubcomposeLayout$11$1 -> R8$$REMOVED$$CLASS$$435:
# {"id":"sourceFile","fileName":"SubcomposeLayout.kt"}
androidx.compose.ui.layout.SubcomposeLayoutKt$SubcomposeLayout$11$1$invoke$$inlined$onDispose$1 -> R8$$REMOVED$$CLASS$$434:
# {"id":"sourceFile","fileName":"Effects.kt"}
androidx.compose.ui.layout.SubcomposeLayoutKt$SubcomposeLayout$12 -> R8$$REMOVED$$CLASS$$436:
# {"id":"sourceFile","fileName":"SubcomposeLayout.kt"}
androidx.compose.ui.layout.SubcomposeLayoutKt$SubcomposeLayout$6 -> R8$$REMOVED$$CLASS$$437:
# {"id":"sourceFile","fileName":"SubcomposeLayout.kt"}
androidx.compose.ui.layout.SubcomposeLayoutKt$SubcomposeLayout$7 -> R8$$REMOVED$$CLASS$$438:
# {"id":"sourceFile","fileName":"SubcomposeLayout.kt"}