app/build/outputs/mapping/release/usage.txt
com.example.wifidirectwalkietalkie.MainActivity$WalkieTalkieApp$1$1$6$invoke$$inlined$items$default$2
com.example.wifidirectwalkietalkie.R$raw:
    private void <init>()
com.example.wifidirectwalkietalkie.R$string
com.example.wifidirectwalkietalkie.R$style
com.example.wifidirectwalkietalkie.R$xml
com.example.wifidirectwalkietalkie.R
com.example.wifidirectwalkietalkie.AudioStreamer$startClient$1:
    public int label
    public final java.lang.Object invoke$2()
com.example.wifidirectwalkietalkie.AudioStreamer$startReceivingAudio$1$1:
    public int label
    public final java.lang.Object invoke$2()
com.example.wifidirectwalkietalkie.AudioStreamer$startReceivingAudio$1:
    public final java.lang.Object invoke$2()
com.example.wifidirectwalkietalkie.AudioStreamer$startRecording$1$1:
    public int label
    public final java.lang.Object invoke$2()
com.example.wifidirectwalkietalkie.AudioStreamer$startRecording$1:
    public final java.lang.Object invoke$2()
com.example.wifidirectwalkietalkie.AudioStreamer$startServer$1:
    public int label
    public final java.lang.Object invoke$2()
com.example.wifidirectwalkietalkie.AudioStreamer:
    public static final int $stable
    static void <clinit>()
    public static kotlinx.coroutines.flow.StateFlow isReceiving()
    public static void setupStreams()
    public static void startClient()
    public static void startRecording()
    public static void startServer()
com.example.wifidirectwalkietalkie.ComposableSingletons$MainActivityKt$lambda-1$1:
    public final void invoke(androidx.compose.runtime.Composer,int)
com.example.wifidirectwalkietalkie.ComposableSingletons$MainActivityKt$lambda-3$1
com.example.wifidirectwalkietalkie.ComposableSingletons$MainActivityKt:
    public static final com.example.wifidirectwalkietalkie.ComposableSingletons$MainActivityKt INSTANCE
    public static kotlin.jvm.functions.Function2 getLambda-1$app_release()
    public static kotlin.jvm.functions.Function3 getLambda-2$app_release()
    public static kotlin.jvm.functions.Function3 getLambda-3$app_release()
com.example.wifidirectwalkietalkie.MainActivity$PeerListItem$1
com.example.wifidirectwalkietalkie.MainActivity$PeerListItem$2$$InternalSyntheticThrowCCEIfNotNull$11$901e8084188ed1fad678c3d00aeaba1584d750931703e6401337adea77727898$0
com.example.wifidirectwalkietalkie.MainActivity$PeerListItem$2$$InternalSyntheticThrowCCEIfNotNull$11$e741cb4aa04ad98fc59c13f5d2d98332a7ee71c6dc88e6de1a9eaa21bcf66f75$0
com.example.wifidirectwalkietalkie.MainActivity$PeerListItem$2:
    public final kotlin.jvm.functions.Function1 invoke(java.lang.Object,java.lang.Object)
    public final void invoke(androidx.compose.foundation.layout.RowScope,androidx.compose.runtime.Composer,int)
    public static void invoke$38()
com.example.wifidirectwalkietalkie.MainActivity$PeerListItem$3
com.example.wifidirectwalkietalkie.MainActivity$WalkieTalkieApp$1$1$1
com.example.wifidirectwalkietalkie.MainActivity$WalkieTalkieApp$1$1$2:
    public final void invoke()
com.example.wifidirectwalkietalkie.MainActivity$WalkieTalkieApp$1$1$3
com.example.wifidirectwalkietalkie.MainActivity$WalkieTalkieApp$1$1$4
com.example.wifidirectwalkietalkie.MainActivity$WalkieTalkieApp$1$1$5$1
com.example.wifidirectwalkietalkie.MainActivity$WalkieTalkieApp$1$1$6$1$1
com.example.wifidirectwalkietalkie.MainActivity$WalkieTalkieApp$1$1$6$invoke$$inlined$items$default$1:
    public static java.lang.Void invoke()
com.example.wifidirectwalkietalkie.MainActivity$WalkieTalkieApp$1$1$6$invoke$$inlined$items$default$3
com.example.wifidirectwalkietalkie.MainActivity$WalkieTalkieApp$1$1$6$invoke$$inlined$items$default$4:
    public static void invoke$39()
com.example.wifidirectwalkietalkie.MainActivity$WalkieTalkieApp$1$1$6
com.example.wifidirectwalkietalkie.MainActivity$WalkieTalkieApp$1:
    public final void invoke(androidx.compose.runtime.Composer,int)
com.example.wifidirectwalkietalkie.MainActivity$WalkieTalkieApp$2
...
kotlinx.coroutines.flow.FlowKt__TransformKt$runningReduce$$inlined$unsafeFlow$1
kotlinx.coroutines.flow.FlowKt__TransformKt$runningReduce$1$1$emit$1
kotlinx.coroutines.flow.FlowKt__TransformKt$runningReduce$1$1
kotlinx.coroutines.flow.FlowKt__TransformKt$withIndex$$inlined$unsafeFlow$1
kotlinx.coroutines.flow.FlowKt__TransformKt$withIndex$1$1$emit$1
kotlinx.coroutines.flow.FlowKt__TransformKt$withIndex$1$1
kotlinx.coroutines.flow.FlowKt__TransformKt
kotlinx.coroutines.flow.FlowKt__ZipKt$combine$$inlined$combineUnsafe$FlowKt__ZipKt$1$2
kotlinx.coroutines.flow.FlowKt__ZipKt$combine$$inlined$combineUnsafe$FlowKt__ZipKt$1
kotlinx.coroutines.flow.FlowKt__ZipKt$combine$$inlined$combineUnsafe$FlowKt__ZipKt$2$2
kotlinx.coroutines.flow.FlowKt__ZipKt$combine$$inlined$combineUnsafe$FlowKt__ZipKt$2
kotlinx.coroutines.flow.FlowKt__ZipKt$combine$$inlined$combineUnsafe$FlowKt__ZipKt$3$2
kotlinx.coroutines.flow.FlowKt__ZipKt$combine$$inlined$combineUnsafe$FlowKt__ZipKt$3
kotlinx.coroutines.flow.FlowKt__ZipKt$combine$$inlined$unsafeFlow$1
kotlinx.coroutines.flow.FlowKt__ZipKt$combine$$inlined$unsafeFlow$2$1
kotlinx.coroutines.flow.FlowKt__ZipKt$combine$$inlined$unsafeFlow$2
kotlinx.coroutines.flow.FlowKt__ZipKt$combine$$inlined$unsafeFlow$3$1
kotlinx.coroutines.flow.FlowKt__ZipKt$combine$$inlined$unsafeFlow$3
kotlinx.coroutines.flow.FlowKt__ZipKt$combine$1$1
kotlinx.coroutines.flow.FlowKt__ZipKt$combine$5$1
kotlinx.coroutines.flow.FlowKt__ZipKt$combine$5$2
kotlinx.coroutines.flow.FlowKt__ZipKt$combine$6$1
kotlinx.coroutines.flow.FlowKt__ZipKt$combine$6$2
kotlinx.coroutines.flow.FlowKt__ZipKt$combineTransform$$inlined$combineTransformUnsafe$FlowKt__ZipKt$1$1
kotlinx.coroutines.flow.FlowKt__ZipKt$combineTransform$$inlined$combineTransformUnsafe$FlowKt__ZipKt$1
kotlinx.coroutines.flow.FlowKt__ZipKt$combineTransform$$inlined$combineTransformUnsafe$FlowKt__ZipKt$2$1
kotlinx.coroutines.flow.FlowKt__ZipKt$combineTransform$$inlined$combineTransformUnsafe$FlowKt__ZipKt$2
kotlinx.coroutines.flow.FlowKt__ZipKt$combineTransform$$inlined$combineTransformUnsafe$FlowKt__ZipKt$3$1
kotlinx.coroutines.flow.FlowKt__ZipKt$combineTransform$$inlined$combineTransformUnsafe$FlowKt__ZipKt$3
kotlinx.coroutines.flow.FlowKt__ZipKt$combineTransform$$inlined$combineTransformUnsafe$FlowKt__ZipKt$4$1
kotlinx.coroutines.flow.FlowKt__ZipKt$combineTransform$$inlined$combineTransformUnsafe$FlowKt__ZipKt$4
kotlinx.coroutines.flow.FlowKt__ZipKt$combineTransform$$inlined$combineTransformUnsafe$FlowKt__ZipKt$5$1
kotlinx.coroutines.flow.FlowKt__ZipKt$combineTransform$$inlined$combineTransformUnsafe$FlowKt__ZipKt$5
kotlinx.coroutines.flow.FlowKt__ZipKt$combineTransform$6$1
kotlinx.coroutines.flow.FlowKt__ZipKt$combineTransform$6$2
kotlinx.coroutines.flow.FlowKt__ZipKt$combineTransform$6
kotlinx.coroutines.flow.FlowKt__ZipKt$combineTransform$7$1
kotlinx.coroutines.flow.FlowKt__ZipKt$combineTransform$7$2
kotlinx.coroutines.flow.FlowKt__ZipKt$combineTransform$7
kotlinx.coroutines.flow.FlowKt__ZipKt$combineTransformUnsafe$1$1
kotlinx.coroutines.flow.FlowKt__ZipKt$combineTransformUnsafe$1
kotlinx.coroutines.flow.FlowKt__ZipKt$combineUnsafe$$inlined$unsafeFlow$1$1
kotlinx.coroutines.flow.FlowKt__ZipKt$combineUnsafe$$inlined$unsafeFlow$1
kotlinx.coroutines.flow.FlowKt__ZipKt$combineUnsafe$1$1
kotlinx.coroutines.flow.FlowKt__ZipKt$nullArrayFactory$1
kotlinx.coroutines.flow.FlowKt__ZipKt
kotlinx.coroutines.flow.LintKt$retry$1
kotlinx.coroutines.flow.LintKt
kotlinx.coroutines.flow.ReadonlySharedFlow
kotlinx.coroutines.flow.ReadonlyStateFlow:
    public java.util.List getReplayCache()
kotlinx.coroutines.flow.SharedFlow:
    public abstract java.util.List getReplayCache()